scripts/kconfig/conf --silentoldconfig Kconfig
  CHK     include/config.h
  UPD     include/config.h
  GEN     include/autoconf.mk
  GEN     include/autoconf.mk.dep
  CHK     include/config/uboot.release
  UPD     include/config/uboot.release
  CHK     include/generated/version_autogenerated.h
  UPD     include/generated/version_autogenerated.h
  CHK     include/generated/timestamp_autogenerated.h
  UPD     include/generated/timestamp_autogenerated.h
  CC      lib/asm-offsets.s
  CHK     include/generated/generic-asm-offsets.h
  UPD     include/generated/generic-asm-offsets.h
  CC      arch/arm/lib/asm-offsets.s
  CHK     include/generated/asm-offsets.h
  UPD     include/generated/asm-offsets.h
  HOSTCC  tools/bmp_logo
  HOSTCC  tools/gen_eth_addr
  HOSTCC  tools/img2srec
  HOSTCC  tools/mkenvimage.o
  HOSTCC  tools/os_support.o
  WRAP    tools/lib/crc32.c
  HOSTCC  tools/lib/crc32.o
  HOSTLD  tools/mkenvimage
  HOSTCC  tools/aisimage.o
  HOSTCC  tools/atmelimage.o
  WRAP    tools/common/bootm.c
  HOSTCC  tools/common/bootm.o
  HOSTCC  tools/default_image.o
  WRAP    tools/lib/fdtdec_common.c
  HOSTCC  tools/lib/fdtdec_common.o
  WRAP    tools/lib/fdtdec.c
  HOSTCC  tools/lib/fdtdec.o
  HOSTCC  tools/fit_common.o
  HOSTCC  tools/fit_image.o
  HOSTCC  tools/gpimage.o
  HOSTCC  tools/gpimage-common.o
  WRAP    tools/common/image-fit.c
  HOSTCC  tools/common/image-fit.o
  HOSTCC  tools/image-host.o
  WRAP    tools/common/image.c
  HOSTCC  tools/common/image.o
  HOSTCC  tools/imagetool.o
  HOSTCC  tools/imximage.o
  HOSTCC  tools/kwbimage.o
  WRAP    tools/lib/md5.c
  HOSTCC  tools/lib/md5.o
  HOSTCC  tools/lpc32xximage.o
  HOSTCC  tools/mxsimage.o
  HOSTCC  tools/omapimage.o
  HOSTCC  tools/pblimage.o
  HOSTCC  tools/pbl_crc32.o
  HOSTCC  tools/socfpgaimage.o
  WRAP    tools/lib/sha1.c
  HOSTCC  tools/lib/sha1.o
  WRAP    tools/lib/sha256.c
  HOSTCC  tools/lib/sha256.o
  WRAP    tools/common/hash.c
  HOSTCC  tools/common/hash.o
  HOSTCC  tools/ublimage.o
  WRAP    tools/lib/libfdt/fdt.c
  HOSTCC  tools/lib/libfdt/fdt.o
  WRAP    tools/lib/libfdt/fdt_ro.c
  HOSTCC  tools/lib/libfdt/fdt_ro.o
  WRAP    tools/lib/libfdt/fdt_rw.c
  HOSTCC  tools/lib/libfdt/fdt_rw.o
  WRAP    tools/lib/libfdt/fdt_strerror.c
  HOSTCC  tools/lib/libfdt/fdt_strerror.o
  WRAP    tools/lib/libfdt/fdt_wip.c
  HOSTCC  tools/lib/libfdt/fdt_wip.o
  HOSTCC  tools/dumpimage.o
  HOSTLD  tools/dumpimage
  HOSTCC  tools/mkimage.o
  HOSTLD  tools/mkimage
  HOSTCC  tools/proftool
tools/bmp_logo --gen-info ./tools/logos/freescale.bmp > include/bmp_logo.h
tools/bmp_logo --gen-data ./tools/logos/freescale.bmp > include/bmp_logo_data.h
  LD      arch/arm/cpu/built-in.o
  CC      arch/arm/cpu/armv7/cache_v7.o
  CC      arch/arm/cpu/armv7/cpu.o
  CC      arch/arm/cpu/armv7/cp15.o
  CC      arch/arm/cpu/armv7/syslib.o
  AS      arch/arm/cpu/armv7/lowlevel_init.o
  CC      arch/arm/cpu/armv7/mx6/soc.o
  CC      arch/arm/cpu/armv7/mx6/clock.o
  CC      arch/arm/cpu/armv7/mx6/mp.o
  LD      arch/arm/cpu/armv7/mx6/built-in.o
  LD      arch/arm/cpu/armv7/built-in.o
  AS      arch/arm/cpu/armv7/start.o
  CC      arch/arm/imx-common/iomux-v3.o
  CC      arch/arm/imx-common/cpu.o
  CC      arch/arm/imx-common/speed.o
  CC      arch/arm/imx-common/i2c-mxv7.o
  CC      arch/arm/imx-common/misc.o
  CC      arch/arm/imx-common/video.o
  CC      arch/arm/imx-common/timer.o
  CC      arch/arm/imx-common/cmd_bmode.o
  LD      arch/arm/imx-common/built-in.o
  AS      arch/arm/lib/vectors.o
  AS      arch/arm/lib/crt0.o
  AS      arch/arm/lib/relocate.o
  CC      arch/arm/lib/bootm-fdt.o
  CC      arch/arm/lib/bootm.o
  CC      arch/arm/lib/cache-pl310.o
  CC      arch/arm/lib/sections.o
  CC      arch/arm/lib/stack.o
  CC      arch/arm/lib/interrupts.o
  CC      arch/arm/lib/reset.o
  CC      arch/arm/lib/cache.o
  CC      arch/arm/lib/cache-cp15.o
  LD      arch/arm/lib/built-in.o
  AR      arch/arm/lib/lib.a
  CC      arch/arm/lib/eabi_compat.o
  CC      board/freescale/common/pfuze.o
  CC      board/freescale/common/recovery.o
  LD      board/freescale/common/built-in.o
  CC      board/freescale/mx6sabresd/mx6sabresd.o
  LD      board/freescale/mx6sabresd/built-in.o
  CC      common/main.o
  CC      common/exports.o
  CC      common/hash.o
  CC      common/cli_hush.o
  CC      common/autoboot.o
  CC      common/board_f.o
  CC      common/board_r.o
  CC      common/board_info.o
  CC      common/cmd_boot.o
  CC      common/cmd_bootm.o
  CC      common/bootm.o
  CC      common/bootm_os.o
  CC      common/cmd_help.o
  CC      common/cmd_version.o
  CC      common/env_attr.o
  CC      common/env_callback.o
  CC      common/env_flags.o
  CC      common/env_mmc.o
  CC      common/cmd_source.o
  CC      common/cmd_bdinfo.o
  CC      common/cmd_cache.o
  CC      common/cmd_console.o
  CC      common/cmd_echo.o
  CC      common/cmd_exit.o
  CC      common/cmd_ext4.o
  CC      common/cmd_ext2.o
  CC      common/cmd_fat.o
  CC      common/cmd_fdt.o
  CC      common/fdt_support.o
  CC      common/cmd_flash.o
  CC      common/cmd_fuse.o
  CC      common/cmd_i2c.o
  CC      common/cmd_itest.o
  CC      common/cmd_load.o
  CC      common/cmd_mem.o
  CC      common/miiphyutil.o
  CC      common/cmd_mii.o
  CC      common/cmd_mdio.o
  CC      common/cmd_misc.o
  CC      common/cmd_mmc.o
  CC      common/cmd_mp.o
  CC      common/cmd_net.o
  CC      common/cmd_pcmcia.o
  CC      common/cmd_setexpr.o
  CC      common/cmd_test.o
  CC      common/cmd_usb.o
  CC      common/usb.o
  CC      common/usb_hub.o
  CC      common/usb_storage.o
  CC      common/cmd_fastboot.o
  CC      common/aboot.o
  CC      common/cmd_usb_mass_storage.o
  CC      common/cmd_ximg.o
  CC      common/flash.o
  CC      common/splash.o
  CC      common/cmd_nvedit.o
  CC      common/env_common.o
  CC      common/bouncebuf.o
  CC      common/console.o
  CC      common/dlmalloc.o
  CC      common/malloc_simple.o
  CC      common/image.o
  CC      common/image-android.o
  CC      common/image-fdt.o
  CC      common/memsize.o
  CC      common/stdio.o
  CC      common/cli_simple.o
  CC      common/cli.o
  CC      common/cli_readline.o
  CC      common/command.o
  CC      common/s_record.o
  CC      common/xyzModem.o
  CC      common/cmd_disk.o
  LD      common/built-in.o
  CC      disk/part.o
  CC      disk/part_dos.o
  LD      disk/built-in.o
  LD      drivers/block/built-in.o
  CC      drivers/core/device.o
  CC      drivers/core/lists.o
  CC      drivers/core/root.o
  CC      drivers/core/uclass.o
  CC      drivers/core/util.o
  CC      drivers/core/device-remove.o
  LD      drivers/core/built-in.o
  CC      drivers/crypto/fsl/sec.o
  LD      drivers/crypto/fsl/built-in.o
  LD      drivers/crypto/rsa_mod_exp/built-in.o
  LD      drivers/crypto/built-in.o
  LD      drivers/dfu/built-in.o
  LD      drivers/hwmon/built-in.o
  CC      drivers/input/input.o
  LD      drivers/input/built-in.o
  LD      drivers/memory/built-in.o
  CC      drivers/misc/mxc_ocotp.o
  LD      drivers/misc/built-in.o
  CC      drivers/pcmcia/tqm8xx_pcmcia.o
  LD      drivers/pcmcia/built-in.o
  LD      drivers/pwm/built-in.o
  CC      drivers/rtc/date.o
  LD      drivers/rtc/built-in.o
  LD      drivers/soc/built-in.o
  LD      drivers/sound/built-in.o
  CC      drivers/thermal/thermal-uclass.o
  CC      drivers/thermal/imx_thermal.o
  LD      drivers/thermal/built-in.o
  LD      drivers/tpm/built-in.o
  LD      drivers/twserial/built-in.o
  CC      drivers/video/cfb_console.o
  CC      drivers/video/mxc_ipuv3_fb.o
  CC      drivers/video/ipu_common.o
  CC      drivers/video/ipu_disp.o
  LD      drivers/video/built-in.o
  CC      drivers/watchdog/imx_watchdog.o
  LD      drivers/watchdog/built-in.o
  LD      drivers/built-in.o
  LD      drivers/dma/built-in.o
  CC      drivers/gpio/mxc_gpio.o
  LD      drivers/gpio/built-in.o
  CC      drivers/i2c/i2c_core.o
  CC      drivers/i2c/mxc_i2c.o
  LD      drivers/i2c/built-in.o
  CC      drivers/mmc/fsl_esdhc.o
  CC      drivers/mmc/mmc.o
  CC      drivers/mmc/mmc_write.o
  LD      drivers/mmc/built-in.o
  LD      drivers/mtd/built-in.o
  LD      drivers/mtd/onenand/built-in.o
  LD      drivers/mtd/spi/built-in.o
  CC      drivers/net/fec_mxc.o
  LD      drivers/net/built-in.o
  CC      drivers/net/phy/phy.o
  CC      drivers/net/phy/atheros.o
  LD      drivers/net/phy/built-in.o
  LD      drivers/pci/built-in.o
  CC      drivers/power/power_core.o
  CC      drivers/power/power_i2c.o
  LD      drivers/power/built-in.o
  LD      drivers/power/battery/built-in.o
  LD      drivers/power/fuel_gauge/built-in.o
  LD      drivers/power/mfd/built-in.o
  CC      drivers/power/pmic/pmic_pfuze100.o
  LD      drivers/power/pmic/built-in.o
  CC      drivers/serial/serial.o
  CC      drivers/serial/serial_mxc.o
  LD      drivers/serial/built-in.o
  CC      drivers/spi/spi.o
  LD      drivers/spi/built-in.o
  CC      drivers/usb/eth/usb_ether.o
  CC      drivers/usb/eth/asix.o
  LD      drivers/usb/eth/built-in.o
  CC      drivers/usb/gadget/epautoconf.o
  CC      drivers/usb/gadget/config.o
  CC      drivers/usb/gadget/usbstring.o
  CC      drivers/usb/gadget/ci_udc.o
  CC      drivers/usb/gadget/g_dnl.o
  CC      drivers/usb/gadget/f_mass_storage.o
  CC      drivers/usb/gadget/f_fastboot.o
  LD      drivers/usb/gadget/built-in.o
  CC      drivers/usb/host/ehci-hcd.o
  CC      drivers/usb/host/ehci-mx6.o
  LD      drivers/usb/host/built-in.o
  LD      drivers/usb/musb-new/built-in.o
  LD      drivers/usb/musb/built-in.o
  LD      drivers/usb/phy/built-in.o
  LD      drivers/usb/ulpi/built-in.o
  CC      fs/fs.o
  CC      fs/ext4/ext4fs.o
  CC      fs/ext4/ext4_common.o
  CC      fs/ext4/dev.o
  CC      fs/ext4/ext4_write.o
  CC      fs/ext4/ext4_journal.o
  CC      fs/ext4/crc16.o
  LD      fs/ext4/built-in.o
  CC      fs/fat/fat.o
  CC      fs/fat/file.o
  LD      fs/fat/built-in.o
  LD      fs/built-in.o
  CC      lib/libfdt/fdt.o
  CC      lib/libfdt/fdt_ro.o
  CC      lib/libfdt/fdt_rw.o
  CC      lib/libfdt/fdt_strerror.o
  CC      lib/libfdt/fdt_sw.o
  CC      lib/libfdt/fdt_wip.o
  CC      lib/libfdt/fdt_empty_tree.o
  CC      lib/libfdt/fdt_addresses.o
  LD      lib/libfdt/built-in.o
  CC      lib/zlib/zlib.o
  LD      lib/zlib/built-in.o
  CC      lib/crc7.o
  CC      lib/crc8.o
  CC      lib/crc16.o
  CC      lib/gunzip.o
  CC      lib/initcall.o
  CC      lib/lmb.o
  CC      lib/ldiv.o
  CC      lib/net_utils.o
  CC      lib/qsort.o
  CC      lib/strmhz.o
  CC      lib/list_sort.o
  CC      lib/hashtable.o
  CC      lib/errno.o
  CC      lib/display_options.o
  CC      lib/crc32.o
  CC      lib/ctype.o
  CC      lib/div64.o
  CC      lib/hang.o
  CC      lib/linux_compat.o
  CC      lib/linux_string.o
  CC      lib/string.o
  CC      lib/time.o
  CC      lib/vsprintf.o
  LD      lib/built-in.o
  CC      net/checksum.o
  CC      net/arp.o
  CC      net/bootp.o
  CC      net/eth.o
  CC      net/net.o
  CC      net/nfs.o
  CC      net/ping.o
  CC      net/tftp.o
  LD      net/built-in.o
  LD      test/built-in.o
  CC      test/dm/cmd_dm.o
  LD      test/dm/built-in.o
  CC      examples/standalone/stubs.o
  LD      examples/standalone/libstubs.o
  CC      examples/standalone/hello_world.o
  LD      examples/standalone/hello_world
  OBJCOPY examples/standalone/hello_world.srec
  OBJCOPY examples/standalone/hello_world.bin
  LDS     u-boot.lds
  LD      u-boot
  OBJCOPY u-boot.bin
  CFGS    board/freescale/mx6sabresd/mx6q_4x_mt41j128.cfg.cfgtmp
  MKIMAGE u-boot.imx
  OBJCOPY u-boot.srec
